#
# A fatal error has been detected by the Java Runtime Environment:
#
#  SIGSEGV (0xb) at pc=0x00007fa371069cba, pid=9543, tid=0x00007fa320342700
#
# JRE version: Java(TM) SE Runtime Environment (8.0_181-b13) (build 1.8.0_181-b13)
# Java VM: Java HotSpot(TM) 64-Bit Server VM (25.181-b13 mixed mode linux-amd64 compressed oops)
# Problematic frame:
# v  ~BufferBlob::jni_fast_GetLongField
#
# Failed to write core dump. Core dumps have been disabled. To enable core dumping, try "ulimit -c unlimited" before starting Java again
#
# If you would like to submit a bug report, please visit:
#   http://bugreport.java.com/bugreport/crash.jsp
# The crash happened outside the Java Virtual Machine in native code.
# See problematic frame for where to report the bug.
#

---------------  T H R E A D  ---------------

Current thread (0x00007fa380676800):  JavaThread "AWT-XAWT" daemon [_thread_in_native, id=9587, stack(0x00007fa320242000,0x00007fa320343000)]

siginfo: si_signo: 11 (SIGSEGV), si_code: 1 (SEGV_MAPERR), si_addr: 0x0000000000000000

Registers:
RAX=0x00007fa388624280, RBX=0x00007fa3806769f8, RCX=0x00007fa3890b5320, RDX=0x0000000000000042
RSP=0x00007fa320341758, RBP=0x00007fa320341780, RSI=0x0000000000000000, RDI=0x00007fa3806769f8
R8 =0x00007fa340bf39b0, R9 =0x0000000000000000, R10=0x0000000000000024, R11=0x00007fa371267f98
R12=0x0000000000000000, R13=0x0000000000000000, R14=0x00007fa34135d820, R15=0x00007fa380676800
RIP=0x00007fa371069cba, EFLAGS=0x0000000000010246, CSGSFS=0x002b000000000033, ERR=0x0000000000000004
  TRAPNO=0x000000000000000e

Top of Stack: (sp=0x00007fa320341758)
0x00007fa320341758:   00007fa34113c001 00007fa3844e6fb8
0x00007fa320341768:   0000000000000000 00007fa320341830
0x00007fa320341778:   00007fa320341800 00007fa3040b5f20
0x00007fa320341788:   00007fa340bfbb1d 00007fa3844e6fb8
0x00007fa320341798:   00007fa3203417c0 0000000000000000
0x00007fa3203417a8:   00007fa340bf39d3 00007fa320341830
0x00007fa3203417b8:   00007fa34113523f 00007fa320341810
0x00007fa3203417c8:   00007fa371268036 0000000000000000
0x00007fa3203417d8:   00007fa3711f9e76 00007fa3845e4828
0x00007fa3203417e8:   00007fa384593f40 00007fa320341890
0x00007fa3203417f8:   00000000d7b13748 00000000d7a1c7e0
0x00007fa320341808:   0000000000000001 00007fa320341890
0x00007fa320341818:   00007fa371007a90 00007fa320341890
0x00007fa320341828:   00007fa371007a90 0000000000000000
0x00007fa320341838:   00007fa371007dd0 00007fa30c001260
0x00007fa320341848:   00000000d7b7e370 00007fa320341850
0x00007fa320341858:   00007fa38444aeb4 00007fa3203418d8
0x00007fa320341868:   00007fa3845e4828 0000000000000000
0x00007fa320341878:   00007fa3845d9c38 00007fa320341830
0x00007fa320341888:   00007fa3203418d0 00007fa320341920
0x00007fa320341898:   00007fa3710082bd 0000000000000000
0x00007fa3203418a8:   00000000d7c9efb8 0000000000000000
0x00007fa3203418b8:   0000000000000000 0000000000000000
0x00007fa3203418c8:   00000000d7b7e370 0000000000000000
0x00007fa3203418d8:   00000000d7b17728 00007fa3203418e0
0x00007fa3203418e8:   00007fa3845d9bd5 00007fa320341930
0x00007fa3203418f8:   00007fa3845e4828 0000000000000000
0x00007fa320341908:   00007fa3845d9be0 00007fa3203418d0
0x00007fa320341918:   00007fa320341930 00007fa320341978
0x00007fa320341928:   00007fa371008302 00000000d7b17728
0x00007fa320341938:   00007fa320341938 00007fa3840796cb
0x00007fa320341948:   00007fa320341988 00007fa384101118 

Instructions: (pc=0x00007fa371069cba)
0x00007fa371069c9a:   00 00 00 00 00 00 44 8b 15 61 a1 5f 17 4c 8b ce
0x00007fa371069caa:   41 f6 c2 01 0f 85 2e 00 00 00 4d 33 ca 4d 33 ca
0x00007fa371069cba:   4d 8b 09 4c 8b da 49 c1 eb 02 4b 8b 04 19 49 bb
0x00007fa371069cca:   08 3e 66 88 a3 7f 00 00 4c 33 d8 4c 33 d8 45 3b 

Register to memory mapping:

RAX=0x00007fa388624280: <offset 0xf95280> in /usr/lib/jvm/java-8-oracle/jre/lib/amd64/server/libjvm.so at 0x00007fa38768f000
RBX=0x00007fa3806769f8 is an unknown value
RCX=0x00007fa3890b5320: <offset 0x21a320> in /lib/x86_64-linux-gnu/libpthread.so.0 at 0x00007fa388e9b000
RDX=0x0000000000000042 is an unknown value
RSP=0x00007fa320341758 is pointing into the stack for thread: 0x00007fa380676800
RBP=0x00007fa320341780 is pointing into the stack for thread: 0x00007fa380676800
RSI=0x0000000000000000 is an unknown value
RDI=0x00007fa3806769f8 is an unknown value
R8 =0x00007fa340bf39b0: <offset 0x5c9b0> in /usr/lib/x86_64-linux-gnu/libX11.so.6 at 0x00007fa340b97000
R9 =0x0000000000000000 is an unknown value
R10=0x0000000000000024 is an unknown value
R11=0x00007fa371267f98 is at entry_point+24 in (nmethod*)0x00007fa371267e10
R12=0x0000000000000000 is an unknown value
R13=0x0000000000000000 is an unknown value
R14=0x00007fa34135d820: <offset 0x258820> in /usr/lib/jvm/java-8-oracle/jre/lib/amd64/libawt_xawt.so at 0x00007fa341105000
R15=0x00007fa380676800 is a thread


Stack: [0x00007fa320242000,0x00007fa320343000],  sp=0x00007fa320341758,  free space=1021k
Native frames: (J=compiled Java code, j=interpreted, Vv=VM code, C=native code)
v  ~BufferBlob::jni_fast_GetLongField
C  [libX11.so.6+0x64b1d]  _XimServerDestroy+0x3d

Java frames: (J=compiled Java code, j=interpreted, Vv=VM code)
J 611  sun.awt.X11.XlibWrapper.XFilterEvent(JJ)Z (0 bytes) @ 0x00007fa371267fc4 [0x00007fa371267f80+0x44]
j  sun.awt.X11.XToolkit.run(Z)V+300
j  sun.awt.X11.XToolkit.run()V+5
j  java.lang.Thread.run()V+11
v  ~StubRoutines::call_stub

---------------  P R O C E S S  ---------------

Java Threads: ( => current thread )
  0x00007fa32c001800 JavaThread "SIGHUP handler" daemon [_thread_in_vm, id=9623, stack(0x00007fa2ff86e000,0x00007fa2ff96f000)]
  0x00007fa30c002800 JavaThread "AWT-EventQueue-0" [_thread_blocked, id=9589, stack(0x00007fa320040000,0x00007fa320141000)]
  0x00007fa38000f800 JavaThread "DestroyJavaVM" [_thread_blocked, id=9544, stack(0x00007fa3891b9000,0x00007fa3892b9000)]
  0x00007fa38068f800 JavaThread "AWT-Shutdown" [_thread_blocked, id=9588, stack(0x00007fa320141000,0x00007fa320242000)]
=>0x00007fa380676800 JavaThread "AWT-XAWT" daemon [_thread_in_native, id=9587, stack(0x00007fa320242000,0x00007fa320343000)]
  0x00007fa380658000 JavaThread "Java2D Disposer" daemon [_thread_blocked, id=9586, stack(0x00007fa340043000,0x00007fa340144000)]
  0x00007fa380564800 JavaThread "Service Thread" daemon [_thread_blocked, id=9584, stack(0x00007fa341736000,0x00007fa341837000)]
  0x00007fa38055f800 JavaThread "C1 CompilerThread3" daemon [_thread_blocked, id=9583, stack(0x00007fa341a4f000,0x00007fa341b4f000)]
  0x00007fa38055d800 JavaThread "C2 CompilerThread2" daemon [_thread_blocked, id=9582, stack(0x00007fa341b50000,0x00007fa341c50000)]
  0x00007fa38055b000 JavaThread "C2 CompilerThread1" daemon [_thread_blocked, id=9581, stack(0x00007fa341c51000,0x00007fa341d51000)]
  0x00007fa380559800 JavaThread "C2 CompilerThread0" daemon [_thread_blocked, id=9580, stack(0x00007fa341d52000,0x00007fa341e52000)]
  0x00007fa380557800 JavaThread "Monitor Ctrl-Break" daemon [_thread_in_native, id=9579, stack(0x00007fa341e52000,0x00007fa341f53000)]
  0x00007fa380250000 JavaThread "Signal Dispatcher" daemon [_thread_in_vm, id=9578, stack(0x00007fa34201b000,0x00007fa34211c000)]
  0x00007fa38021d000 JavaThread "Finalizer" daemon [_thread_blocked, id=9570, stack(0x00007fa342aeb000,0x00007fa342bec000)]
  0x00007fa38021a800 JavaThread "Reference Handler" daemon [_thread_blocked, id=9569, stack(0x00007fa342bec000,0x00007fa342ced000)]

Other Threads:
  0x00007fa380211000 VMThread [stack: 0x00007fa342cee000,0x00007fa342dee000] [id=9567]
  0x00007fa380568000 WatcherThread [stack: 0x00007fa341636000,0x00007fa341736000] [id=9585]

VM state:not at safepoint (normal execution)

VM Mutex/Monitor currently owned by a thread:  ([mutex/lock_event])
[0x00007fa38000bca0] Threads_lock - owner thread: 0x00007fa380250000

Heap:
 PSYoungGen      total 36864K, used 13413K [0x00000000d7400000, 0x00000000d9d00000, 0x0000000100000000)
  eden space 31744K, 42% used [0x00000000d7400000,0x00000000d81196d0,0x00000000d9300000)
  from space 5120K, 0% used [0x00000000d9800000,0x00000000d9800000,0x00000000d9d00000)
  to   space 5120K, 0% used [0x00000000d9300000,0x00000000d9300000,0x00000000d9800000)
 ParOldGen       total 84992K, used 0K [0x0000000085c00000, 0x000000008af00000, 0x00000000d7400000)
  object space 84992K, 0% used [0x0000000085c00000,0x0000000085c00000,0x000000008af00000)
 Metaspace       used 9362K, capacity 9498K, committed 9600K, reserved 1058816K
  class space    used 990K, capacity 1053K, committed 1152K, reserved 1048576K

Card table byte_map: [0x00007fa3858b3000,0x00007fa385c86000] byte_map_base: 0x00007fa385485000

Marking Bits: (ParMarkBitMap*) 0x00007fa3886630a0
 Begin Bits: [0x00007fa35c2e0000, 0x00007fa35e170000)
 End Bits:   [0x00007fa35e170000, 0x00007fa360000000)

Polling page: 0x00007fa3892e0000

CodeCache: size=245760Kb used=2955Kb max_used=2967Kb free=242804Kb
 bounds [0x00007fa371000000, 0x00007fa3712f0000, 0x00007fa380000000]
 total_blobs=1194 nmethods=689 adapters=419
 compilation: enabled

Compilation events (10 events):
Event: 42.588 Thread 0x00007fa38055f800  685       3       sun.awt.X11.XComponentPeer::handleEvent (245 bytes)
Event: 42.588 Thread 0x00007fa38055f800 nmethod 685 0x00007fa3712def10 code [0x00007fa3712df1a0, 0x00007fa3712e0dd8]
Event: 42.818 Thread 0x00007fa38055f800  686   !   3       sun.awt.AWTAutoShutdown::notifyThreadFree (74 bytes)
Event: 42.819 Thread 0x00007fa38055f800 nmethod 686 0x00007fa3712e11d0 code [0x00007fa3712e1380, 0x00007fa3712e1a68]
Event: 43.111 Thread 0x00007fa38055f800  687       3       java.util.concurrent.locks.AbstractQueuedSynchronizer$Node::<init> (15 bytes)
Event: 43.111 Thread 0x00007fa38055f800 nmethod 687 0x00007fa3712e1d90 code [0x00007fa3712e1f00, 0x00007fa3712e20d0]
Event: 44.466 Thread 0x00007fa38055b000  688   !   4       sun.awt.AppContext::get (123 bytes)
Event: 44.472 Thread 0x00007fa38055b000 nmethod 688 0x00007fa3712e5790 code [0x00007fa3712e5920, 0x00007fa3712e62f8]
Event: 44.538 Thread 0x00007fa380559800  689       4       sun.awt.SunToolkit::awtUnlock (7 bytes)
Event: 44.540 Thread 0x00007fa380559800 nmethod 689 0x00007fa3712e2590 code [0x00007fa3712e26e0, 0x00007fa3712e2868]

GC Heap History (0 events):
No events

Deoptimization events (0 events):
No events

Classes redefined (0 events):
No events

Internal exceptions (10 events):
Event: 0.018 Thread 0x00007fa38000f800 Exception <a 'java/lang/NoSuchMethodError': Method sun.misc.Unsafe.defineClass(Ljava/lang/String;[BII)Ljava/lang/Class; name or signature does not match> (0x00000000d7407cb0) thrown at [/HUDSON/workspace/8-2-build-linux-amd64/jdk8u181/11358/hotspot/src/sh
Event: 0.018 Thread 0x00007fa38000f800 Exception <a 'java/lang/NoSuchMethodError': Method sun.misc.Unsafe.prefetchRead(Ljava/lang/Object;J)V name or signature does not match> (0x00000000d7407f98) thrown at [/HUDSON/workspace/8-2-build-linux-amd64/jdk8u181/11358/hotspot/src/share/vm/prims/jni.c
Event: 0.084 Thread 0x00007fa38000f800 Exception <a 'java/security/PrivilegedActionException'> (0x00000000d77c5b38) thrown at [/HUDSON/workspace/8-2-build-linux-amd64/jdk8u181/11358/hotspot/src/share/vm/prims/jvm.cpp, line 1435]
Event: 0.084 Thread 0x00007fa38000f800 Exception <a 'java/security/PrivilegedActionException'> (0x00000000d77c5d48) thrown at [/HUDSON/workspace/8-2-build-linux-amd64/jdk8u181/11358/hotspot/src/share/vm/prims/jvm.cpp, line 1435]
Event: 0.085 Thread 0x00007fa38000f800 Exception <a 'java/security/PrivilegedActionException'> (0x00000000d77c81b0) thrown at [/HUDSON/workspace/8-2-build-linux-amd64/jdk8u181/11358/hotspot/src/share/vm/prims/jvm.cpp, line 1435]
Event: 0.085 Thread 0x00007fa38000f800 Exception <a 'java/security/PrivilegedActionException'> (0x00000000d77c83c0) thrown at [/HUDSON/workspace/8-2-build-linux-amd64/jdk8u181/11358/hotspot/src/share/vm/prims/jvm.cpp, line 1435]
Event: 0.126 Thread 0x00007fa38000f800 Exception <a 'java/lang/NoSuchFieldError': method resolution failed> (0x00000000d791ba18) thrown at [/HUDSON/workspace/8-2-build-linux-amd64/jdk8u181/11358/hotspot/src/share/vm/prims/methodHandles.cpp, line 1167]
Event: 0.128 Thread 0x00007fa38000f800 Exception <a 'java/lang/NoSuchFieldError': method resolution failed> (0x00000000d7929c90) thrown at [/HUDSON/workspace/8-2-build-linux-amd64/jdk8u181/11358/hotspot/src/share/vm/prims/methodHandles.cpp, line 1167]
Event: 0.142 Thread 0x00007fa38000f800 Exception <a 'java/io/FileNotFoundException'> (0x00000000d79ce218) thrown at [/HUDSON/workspace/8-2-build-linux-amd64/jdk8u181/11358/hotspot/src/share/vm/prims/jni.cpp, line 709]
Event: 0.142 Thread 0x00007fa38000f800 Exception <a 'java/io/FileNotFoundException'> (0x00000000d79ceb60) thrown at [/HUDSON/workspace/8-2-build-linux-amd64/jdk8u181/11358/hotspot/src/share/vm/prims/jni.cpp, line 709]

Events (10 events):
Event: 4.080 Executing VM operation: EnableBiasedLocking
Event: 4.080 Executing VM operation: EnableBiasedLocking done
Event: 5.122 loading class java/awt/GraphicsCallback$PaintCallback
Event: 5.122 loading class java/awt/GraphicsCallback
Event: 5.122 loading class sun/awt/SunGraphicsCallback
Event: 5.122 loading class sun/awt/SunGraphicsCallback done
Event: 5.122 loading class java/awt/GraphicsCallback done
Event: 5.122 loading class java/awt/GraphicsCallback$PaintCallback done
Event: 52.895 loading class sun/misc/Signal$1
Event: 52.896 loading class sun/misc/Signal$1 done


Dynamic libraries:
00400000-00401000 r-xp 00000000 08:05 4590398                            /usr/lib/jvm/java-8-oracle/bin/java
00600000-00601000 rw-p 00000000 08:05 4590398                            /usr/lib/jvm/java-8-oracle/bin/java
00dea000-00e0b000 rw-p 00000000 00:00 0                                  [heap]
85c00000-8af00000 rw-p 00000000 00:00 0 
8af00000-d7400000 ---p 00000000 00:00 0 
d7400000-d9d00000 rw-p 00000000 00:00 0 
d9d00000-100000000 ---p 00000000 00:00 0 
100000000-100120000 rw-p 00000000 00:00 0 
100120000-140000000 ---p 00000000 00:00 0 
7fa2f8000000-7fa2f8021000 rw-p 00000000 00:00 0 
7fa2f8021000-7fa2fc000000 ---p 00000000 00:00 0 
7fa2ff76d000-7fa2ff86e000 rw-p 00000000 00:00 0 
7fa2ff86e000-7fa2ff871000 ---p 00000000 00:00 0 
7fa2ff871000-7fa2ff9af000 rw-p 00000000 00:00 0 
7fa2ff9af000-7fa2ffb6f000 ---p 00000000 00:00 0 
7fa2ffb6f000-7fa2ffbd9000 r-xp 00000000 08:05 4592741                    /usr/lib/jvm/java-8-oracle/jre/lib/amd64/libt2k.so
7fa2ffbd9000-7fa2ffdd8000 ---p 0006a000 08:05 4592741                    /usr/lib/jvm/java-8-oracle/jre/lib/amd64/libt2k.so
7fa2ffdd8000-7fa2ffddf000 rw-p 00069000 08:05 4592741                    /usr/lib/jvm/java-8-oracle/jre/lib/amd64/libt2k.so
7fa2ffddf000-7fa2ffdef000 rw-p 00000000 00:00 0 
7fa2ffdef000-7fa2ffe00000 r-xp 00000000 08:05 4592776                    /usr/lib/jvm/java-8-oracle/jre/lib/amd64/libnio.so
7fa2ffe00000-7fa2fffff000 ---p 00011000 08:05 4592776                    /usr/lib/jvm/java-8-oracle/jre/lib/amd64/libnio.so
7fa2fffff000-7fa300000000 rw-p 00010000 08:05 4592776                    /usr/lib/jvm/java-8-oracle/jre/lib/amd64/libnio.so
7fa300000000-7fa300021000 rw-p 00000000 00:00 0 
7fa300021000-7fa304000000 ---p 00000000 00:00 0 
7fa304000000-7fa304343000 rw-p 00000000 00:00 0 
7fa304343000-7fa308000000 ---p 00000000 00:00 0 
7fa308000000-7fa308021000 rw-p 00000000 00:00 0 
7fa308021000-7fa30c000000 ---p 00000000 00:00 0 
7fa30c000000-7fa30c033000 rw-p 00000000 00:00 0 
7fa30c033000-7fa310000000 ---p 00000000 00:00 0 
7fa310000000-7fa310021000 rw-p 00000000 00:00 0 
7fa310021000-7fa314000000 ---p 00000000 00:00 0 
7fa314000000-7fa314021000 rw-p 00000000 00:00 0 
7fa314021000-7fa318000000 ---p 00000000 00:00 0 
7fa318000000-7fa318778000 rw-p 00000000 00:00 0 
7fa318778000-7fa31c000000 ---p 00000000 00:00 0 
7fa31c000000-7fa31c091000 rw-p 00000000 00:00 0 
7fa31c091000-7fa320000000 ---p 00000000 00:00 0 
7fa320040000-7fa320043000 ---p 00000000 00:00 0 
7fa320043000-7fa320141000 rw-p 00000000 00:00 0 
7fa320141000-7fa320144000 ---p 00000000 00:00 0 
7fa320144000-7fa320242000 rw-p 00000000 00:00 0 
7fa320242000-7fa320245000 ---p 00000000 00:00 0 
7fa320245000-7fa320343000 rw-p 00000000 00:00 0 
7fa320343000-7fa320348000 r-xp 00000000 08:05 3677981                    /usr/lib/x86_64-linux-gnu/libXfixes.so.3.1.0
7fa320348000-7fa320547000 ---p 00005000 08:05 3677981                    /usr/lib/x86_64-linux-gnu/libXfixes.so.3.1.0
7fa320547000-7fa320548000 r--p 00004000 08:05 3677981                    /usr/lib/x86_64-linux-gnu/libXfixes.so.3.1.0
7fa320548000-7fa320549000 rw-p 00005000 08:05 3677981                    /usr/lib/x86_64-linux-gnu/libXfixes.so.3.1.0
7fa320549000-7fa320552000 r-xp 00000000 08:05 3677973                    /usr/lib/x86_64-linux-gnu/libXcursor.so.1.0.2
7fa320552000-7fa320751000 ---p 00009000 08:05 3677973                    /usr/lib/x86_64-linux-gnu/libXcursor.so.1.0.2
7fa320751000-7fa320752000 r--p 00008000 08:05 3677973                    /usr/lib/x86_64-linux-gnu/libXcursor.so.1.0.2
7fa320752000-7fa320753000 rw-p 00009000 08:05 3677973                    /usr/lib/x86_64-linux-gnu/libXcursor.so.1.0.2
7fa320753000-7fa32076a000 r-xp 00000000 08:05 2101996                    /lib/x86_64-linux-gnu/libgcc_s.so.1
7fa32076a000-7fa320969000 ---p 00017000 08:05 2101996                    /lib/x86_64-linux-gnu/libgcc_s.so.1
7fa320969000-7fa32096a000 r--p 00016000 08:05 2101996                    /lib/x86_64-linux-gnu/libgcc_s.so.1
7fa32096a000-7fa32096b000 rw-p 00017000 08:05 2101996                    /lib/x86_64-linux-gnu/libgcc_s.so.1
7fa32096b000-7fa3209d0000 r-xp 00000000 08:05 4592753                    /usr/lib/jvm/java-8-oracle/jre/lib/amd64/libfontmanager.so
7fa3209d0000-7fa320bcf000 ---p 00065000 08:05 4592753                    /usr/lib/jvm/java-8-oracle/jre/lib/amd64/libfontmanager.so
7fa320bcf000-7fa320bd4000 rw-p 00064000 08:05 4592753                    /usr/lib/jvm/java-8-oracle/jre/lib/amd64/libfontmanager.so
7fa320bd4000-7fa320be4000 rw-p 00000000 00:00 0 
7fa320be4000-7fa320bf7000 r-xp 00000000 08:05 2101955                    /lib/x86_64-linux-gnu/libbsd.so.0.8.7
7fa320bf7000-7fa320df6000 ---p 00013000 08:05 2101955                    /lib/x86_64-linux-gnu/libbsd.so.0.8.7
7fa320df6000-7fa320df7000 r--p 00012000 08:05 2101955                    /lib/x86_64-linux-gnu/libbsd.so.0.8.7
7fa320df7000-7fa320df8000 rw-p 00013000 08:05 2101955                    /lib/x86_64-linux-gnu/libbsd.so.0.8.7
7fa320df8000-7fa320df9000 rw-p 00000000 00:00 0 
7fa320df9000-7fa320dfe000 r-xp 00000000 08:05 3677977                    /usr/lib/x86_64-linux-gnu/libXdmcp.so.6.0.0
7fa320dfe000-7fa320ffd000 ---p 00005000 08:05 3677977                    /usr/lib/x86_64-linux-gnu/libXdmcp.so.6.0.0
7fa320ffd000-7fa320ffe000 r--p 00004000 08:05 3677977                    /usr/lib/x86_64-linux-gnu/libXdmcp.so.6.0.0
7fa320ffe000-7fa320fff000 rw-p 00005000 08:05 3677977                    /usr/lib/x86_64-linux-gnu/libXdmcp.so.6.0.0
7fa320fff000-7fa324000000 rw-p 00000000 00:00 0 
7fa324000000-7fa32409f000 rw-p 00000000 00:00 0 
7fa32409f000-7fa328000000 ---p 00000000 00:00 0 
7fa328000000-7fa32805b000 rw-p 00000000 00:00 0 
7fa32805b000-7fa32c000000 ---p 00000000 00:00 0 
7fa32c000000-7fa32c021000 rw-p 00000000 00:00 0 
7fa32c021000-7fa330000000 ---p 00000000 00:00 0 
7fa330000000-7fa33002a000 rw-p 00000000 00:00 0 
7fa33002a000-7fa334000000 ---p 00000000 00:00 0 
7fa334000000-7fa334021000 rw-p 00000000 00:00 0 
7fa334021000-7fa338000000 ---p 00000000 00:00 0 
7fa338000000-7fa338021000 rw-p 00000000 00:00 0 
7fa338021000-7fa33c000000 ---p 00000000 00:00 0 
7fa33c000000-7fa33c021000 rw-p 00000000 00:00 0 
7fa33c021000-7fa340000000 ---p 00000000 00:00 0 
7fa340043000-7fa340046000 ---p 00000000 00:00 0 
7fa340046000-7fa340144000 rw-p 00000000 00:00 0 
7fa340144000-7fa34014b000 r--s 00000000 08:05 3934791                    /usr/lib/x86_64-linux-gnu/gconv/gconv-modules.cache
7fa34014b000-7fa34014d000 r-xp 00000000 08:05 3677966                    /usr/lib/x86_64-linux-gnu/libXau.so.6.0.0
7fa34014d000-7fa34034d000 ---p 00002000 08:05 3677966                    /usr/lib/x86_64-linux-gnu/libXau.so.6.0.0
7fa34034d000-7fa34034e000 r--p 00002000 08:05 3677966                    /usr/lib/x86_64-linux-gnu/libXau.so.6.0.0
7fa34034e000-7fa34034f000 rw-p 00003000 08:05 3677966                    /usr/lib/x86_64-linux-gnu/libXau.so.6.0.0
7fa34034f000-7fa340375000 r-xp 00000000 08:05 3679170                    /usr/lib/x86_64-linux-gnu/libxcb.so.1.1.0
7fa340375000-7fa340575000 ---p 00026000 08:05 3679170                    /usr/lib/x86_64-linux-gnu/libxcb.so.1.1.0
7fa340575000-7fa340576000 r--p 00026000 08:05 3679170                    /usr/lib/x86_64-linux-gnu/libxcb.so.1.1.0
7fa340576000-7fa340577000 rw-p 00027000 08:05 3679170                    /usr/lib/x86_64-linux-gnu/libxcb.so.1.1.0
7fa340577000-7fa340586000 r-xp 00000000 08:05 3677987                    /usr/lib/x86_64-linux-gnu/libXi.so.6.1.0
7fa340586000-7fa340785000 ---p 0000f000 08:05 3677987                    /usr/lib/x86_64-linux-gnu/libXi.so.6.1.0
7fa340785000-7fa340786000 r--p 0000e000 08:05 3677987                    /usr/lib/x86_64-linux-gnu/libXi.so.6.1.0
7fa340786000-7fa340787000 rw-p 0000f000 08:05 3677987                    /usr/lib/x86_64-linux-gnu/libXi.so.6.1.0
7fa340787000-7fa34078c000 r-xp 00000000 08:05 3678005                    /usr/lib/x86_64-linux-gnu/libXtst.so.6.1.0
7fa34078c000-7fa34098b000 ---p 00005000 08:05 3678005                    /usr/lib/x86_64-linux-gnu/libXtst.so.6.1.0
7fa34098b000-7fa34098c000 r--p 00004000 08:05 3678005                    /usr/lib/x86_64-linux-gnu/libXtst.so.6.1.0
7fa34098c000-7fa34098d000 rw-p 00005000 08:05 3678005                    /usr/lib/x86_64-linux-gnu/libXtst.so.6.1.0
7fa34098d000-7fa340996000 r-xp 00000000 08:05 3677999                    /usr/lib/x86_64-linux-gnu/libXrender.so.1.3.0
7fa340996000-7fa340b95000 ---p 00009000 08:05 3677999                    /usr/lib/x86_64-linux-gnu/libXrender.so.1.3.0
7fa340b95000-7fa340b96000 r--p 00008000 08:05 3677999                    /usr/lib/x86_64-linux-gnu/libXrender.so.1.3.0
7fa340b96000-7fa340b97000 rw-p 00009000 08:05 3677999                    /usr/lib/x86_64-linux-gnu/libXrender.so.1.3.0
7fa340b97000-7fa340cca000 r-xp 00000000 08:05 3672583                    /usr/lib/x86_64-linux-gnu/libX11.so.6.3.0
7fa340cca000-7fa340eca000 ---p 00133000 08:05 3672583                    /usr/lib/x86_64-linux-gnu/libX11.so.6.3.0
7fa340eca000-7fa340ecb000 r--p 00133000 08:05 3672583                    /usr/lib/x86_64-linux-gnu/libX11.so.6.3.0
7fa340ecb000-7fa340ecf000 rw-p 00134000 08:05 3672583                    /usr/lib/x86_64-linux-gnu/libX11.so.6.3.0
7fa340ecf000-7fa340ee0000 r-xp 00000000 08:05 3677979                    /usr/lib/x86_64-linux-gnu/libXext.so.6.4.0
7fa340ee0000-7fa3410df000 ---p 00011000 08:05 3677979                    /usr/lib/x86_64-linux-gnu/libXext.so.6.4.0
7fa3410df000-7fa3410e0000 r--p 00010000 08:05 3677979                    /usr/lib/x86_64-linux-gnu/libXext.so.6.4.0
7fa3410e0000-7fa3410e1000 rw-p 00011000 08:05 3677979                    /usr/lib/x86_64-linux-gnu/libXext.so.6.4.0
7fa3410e4000-7fa341105000 r--p 00000000 08:05 4068771                    /usr/share/locale-langpack/zh_CN/LC_MESSAGES/libc.mo
7fa341105000-7fa341159000 r-xp 00000000 08:05 4592780                    /usr/lib/jvm/java-8-oracle/jre/lib/amd64/libawt_xawt.so
7fa341159000-7fa341359000 ---p 00054000 08:05 4592780                    /usr/lib/jvm/java-8-oracle/jre/lib/amd64/libawt_xawt.so
7fa341359000-7fa34135d000 rw-p 00054000 08:05 4592780                    /usr/lib/jvm/java-8-oracle/jre/lib/amd64/libawt_xawt.so
7fa34135d000-7fa34135e000 rw-p 00000000 00:00 0 
7fa34135e000-7fa341400000 r-xp 00000000 08:05 4592766                    /usr/lib/jvm/java-8-oracle/jre/lib/amd64/libawt.so
7fa341400000-7fa341600000 ---p 000a2000 08:05 4592766                    /usr/lib/jvm/java-8-oracle/jre/lib/amd64/libawt.so
7fa341600000-7fa34160c000 rw-p 000a2000 08:05 4592766                    /usr/lib/jvm/java-8-oracle/jre/lib/amd64/libawt.so
7fa34160c000-7fa341630000 rw-p 00000000 00:00 0 
7fa341630000-7fa341635000 r--s 002f9000 08:05 4592711                    /usr/lib/jvm/java-8-oracle/jre/lib/charsets.jar
7fa341635000-7fa341636000 ---p 00000000 00:00 0 
7fa341636000-7fa341736000 rw-p 00000000 00:00 0 
7fa341736000-7fa341739000 ---p 00000000 00:00 0 
7fa341739000-7fa341837000 rw-p 00000000 00:00 0 
7fa341837000-7fa34184d000 r-xp 00000000 08:05 4592773                    /usr/lib/jvm/java-8-oracle/jre/lib/amd64/libnet.so
7fa34184d000-7fa341a4d000 ---p 00016000 08:05 4592773                    /usr/lib/jvm/java-8-oracle/jre/lib/amd64/libnet.so
7fa341a4d000-7fa341a4e000 rw-p 00016000 08:05 4592773                    /usr/lib/jvm/java-8-oracle/jre/lib/amd64/libnet.so
7fa341a4e000-7fa341a4f000 ---p 00000000 00:00 0 
7fa341a4f000-7fa341a52000 ---p 00000000 00:00 0 
7fa341a52000-7fa341b4f000 rw-p 00000000 00:00 0 
7fa341b4f000-7fa341b50000 ---p 00000000 00:00 0 
7fa341b50000-7fa341b53000 ---p 00000000 00:00 0 
7fa341b53000-7fa341c50000 rw-p 00000000 00:00 0 
7fa341c50000-7fa341c51000 ---p 00000000 00:00 0 
7fa341c51000-7fa341c54000 ---p 00000000 00:00 0 
7fa341c54000-7fa341d51000 rw-p 00000000 00:00 0 
7fa341d51000-7fa341d52000 ---p 00000000 00:00 0 
7fa341d52000-7fa341d55000 ---p 00000000 00:00 0 
7fa341d55000-7fa341e52000 rw-p 00000000 00:00 0 
7fa341e52000-7fa341e55000 ---p 00000000 00:00 0 
7fa341e55000-7fa341f53000 rw-p 00000000 00:00 0 
7fa341f53000-7fa341f55000 r--s 0001a000 08:05 917638                     /software/idea-IU-181.5281.24/lib/idea_rt.jar
7fa341f55000-7fa341f5a000 r--s 00022000 08:13 2754644                    /home/youyou/.m2/repository/org/xmlunit/xmlunit-core/2.5.1/xmlunit-core-2.5.1.jar
7fa341f5a000-7fa341f67000 r--s 00087000 08:13 2754648                    /home/youyou/.m2/repository/org/springframework/spring-test/5.0.9.RELEASE/spring-test-5.0.9.RELEASE.jar
7fa341f67000-7fa341f68000 r--s 00004000 08:13 526308                     /home/youyou/.m2/repository/com/vaadin/external/google/android-json/0.0.20131108.vaadin1/android-json-0.0.20131108.vaadin1.jar
7fa341f68000-7fa341f6a000 r--s 00006000 08:13 2754636                    /home/youyou/.m2/repository/org/skyscreamer/jsonassert/1.5.0/jsonassert-1.5.0.jar
7fa341f6a000-7fa341f6c000 r--s 00009000 08:13 27396567                   /home/youyou/.m2/repository/org/hamcrest/hamcrest-core/1.3/hamcrest-core-1.3.jar
7fa341f6c000-7fa341f6e000 r--s 0000c000 08:13 2754634                    /home/youyou/.m2/repository/org/objenesis/objenesis/2.6/objenesis-2.6.jar
7fa341f6e000-7fa341f70000 r--s 00009000 08:13 24778699                   /home/youyou/.m2/repository/net/bytebuddy/byte-buddy-agent/1.7.11/byte-buddy-agent-1.7.11.jar
7fa341f70000-7fa341fac000 r--s 00290000 08:13 24778686                   /home/youyou/.m2/repository/net/bytebuddy/byte-buddy/1.7.11/byte-buddy-1.7.11.jar
7fa341fac000-7fa341fbc000 r--s 00075000 08:13 2754632                    /home/youyou/.m2/repository/org/mockito/mockito-core/2.15.0/mockito-core-2.15.0.jar
7fa341fbc000-7fa342011000 r--s 00367000 08:13 2754631                    /home/youyou/.m2/repository/org/assertj/assertj-core/3.9.1/assertj-core-3.9.1.jar
7fa342011000-7fa342019000 r--s 00045000 08:13 27396562                   /home/youyou/.m2/repository/junit/junit/4.12/junit-4.12.jar
7fa342019000-7fa34201b000 r--s 00009000 08:13 24383801                   /home/youyou/.m2/repository/org/slf4j/slf4j-api/1.7.25/slf4j-api-1.7.25.jar
7fa34201b000-7fa34201e000 ---p 00000000 00:00 0 
7fa34201e000-7fa34211c000 rw-p 00000000 00:00 0 
7fa34211c000-7fa342aeb000 r--p 00000000 08:05 3676864                    /usr/lib/locale/locale-archive
7fa342aeb000-7fa342aee000 ---p 00000000 00:00 0 
7fa342aee000-7fa342bec000 rw-p 00000000 00:00 0 
7fa342bec000-7fa342bef000 ---p 00000000 00:00 0 
7fa342bef000-7fa342ced000 rw-p 00000000 00:00 0 
7fa342ced000-7fa342cee000 ---p 00000000 00:00 0 
7fa342cee000-7fa344000000 rw-p 00000000 00:00 0 
7fa344000000-7fa344021000 rw-p 00000000 00:00 0 
7fa344021000-7fa348000000 ---p 00000000 00:00 0 
7fa348000000-7fa348021000 rw-p 00000000 00:00 0 
7fa348021000-7fa34c000000 ---p 00000000 00:00 0 
7fa34c000000-7fa34c021000 rw-p 00000000 00:00 0 
7fa34c021000-7fa350000000 ---p 00000000 00:00 0 
7fa350000000-7fa350021000 rw-p 00000000 00:00 0 
7fa350021000-7fa354000000 ---p 00000000 00:00 0 
7fa354000000-7fa354021000 rw-p 00000000 00:00 0 
7fa354021000-7fa358000000 ---p 00000000 00:00 0 
7fa358000000-7fa358021000 rw-p 00000000 00:00 0 
7fa358021000-7fa35c000000 ---p 00000000 00:00 0 
7fa35c000000-7fa35c001000 r--s 0000c000 08:13 1049164                    /home/youyou/.m2/repository/org/hamcrest/hamcrest-library/1.3/hamcrest-library-1.3.jar
7fa35c001000-7fa35c003000 r--s 0000c000 08:13 27137174                   /home/youyou/.m2/repository/org/ow2/asm/asm/5.0.4/asm-5.0.4.jar
7fa35c003000-7fa35c005000 r--s 00006000 08:13 2754628                    /home/youyou/.m2/repository/net/minidev/accessors-smart/1.2/accessors-smart-1.2.jar
7fa35c005000-7fa35c008000 r--s 0001b000 08:13 2754627                    /home/youyou/.m2/repository/net/minidev/json-smart/2.3/json-smart-2.3.jar
7fa35c008000-7fa35c00e000 r--s 00031000 08:13 2754620                    /home/youyou/.m2/repository/com/jayway/jsonpath/json-path/2.4.0/json-path-2.4.0.jar
7fa35c00e000-7fa35c015000 r--s 00020000 08:13 2754622                    /home/youyou/.m2/repository/org/springframework/boot/spring-boot-test-autoconfigure/2.0.5.RELEASE/spring-boot-test-autoconfigure-2.0.5.RELEASE.jar
7fa35c015000-7fa35c01a000 r--s 0002b000 08:13 2754624                    /home/youyou/.m2/repository/org/springframework/boot/spring-boot-test/2.0.5.RELEASE/spring-boot-test-2.0.5.RELEASE.jar
7fa35c01a000-7fa35c01b000 r--s 00000000 08:13 2754618                    /home/youyou/.m2/repository/org/springframework/boot/spring-boot-starter-test/2.0.3.RELEASE/spring-boot-starter-test-2.0.3.RELEASE.jar
7fa35c01b000-7fa35c031000 r--s 00175000 08:13 2754616                    /home/youyou/.m2/repository/org/projectlombok/lombok/1.18.0/lombok-1.18.0.jar
7fa35c031000-7fa35c036000 r--s 00040000 08:13 1443840                    /home/youyou/.m2/repository/org/springframework/spring-expression/5.0.9.RELEASE/spring-expression-5.0.9.RELEASE.jar
7fa35c036000-7fa35c03f000 r--s 00051000 08:13 1443837                    /home/youyou/.m2/repository/org/springframework/spring-aop/5.0.9.RELEASE/spring-aop-5.0.9.RELEASE.jar
7fa35c03f000-7fa35c04e000 r--s 000b3000 08:13 2754614                    /home/youyou/.m2/repository/org/springframework/spring-webmvc/5.0.9.RELEASE/spring-webmvc-5.0.9.RELEASE.jar
7fa35c04e000-7fa35c05b000 r--s 00095000 08:13 1443864                    /home/youyou/.m2/repository/org/springframework/spring-beans/5.0.9.RELEASE/spring-beans-5.0.9.RELEASE.jar
7fa35c05b000-7fa35c075000 r--s 0011b000 08:13 1443844                    /home/youyou/.m2/repository/org/springframework/spring-web/5.0.9.RELEASE/spring-web-5.0.9.RELEASE.jar
7fa35c075000-7fa35c077000 r--s 0000e000 08:13 24383778                   /home/youyou/.m2/repository/com/fasterxml/classmate/1.3.4/classmate-1.3.4.jar
7fa35c077000-7fa35c079000 r--s 0000f000 08:13 2492124                    /home/youyou/.m2/repository/org/jboss/logging/jboss-logging/3.3.2.Final/jboss-logging-3.3.2.Final.jar
7fa35c079000-7fa35c07e000 r--s 00012000 08:13 1966090                    /home/youyou/.m2/repository/javax/validation/validation-api/2.0.1.Final/validation-api-2.0.1.Final.jar
7fa35c07e000-7fa35c09b000 r--s 000fe000 08:13 1839999                    /home/youyou/.m2/repository/org/hibernate/validator/hibernate-validator/6.0.12.Final/hibernate-validator-6.0.12.Final.jar
7fa35c09b000-7fa35c0a0000 r--s 0003a000 08:13 25434569                   /home/youyou/.m2/repository/org/apache/tomcat/embed/tomcat-embed-websocket/8.5.34/tomcat-embed-websocket-8.5.34.jar
7fa35c0a0000-7fa35c0a5000 r--s 00038000 08:13 25434568                   /home/youyou/.m2/repository/org/apache/tomcat/embed/tomcat-embed-el/8.5.34/tomcat-embed-el-8.5.34.jar
7fa35c0a5000-7fa35c0cf000 r--s 002d5000 08:13 25179418                   /home/youyou/.m2/repository/org/apache/tomcat/embed/tomcat-embed-core/8.5.34/tomcat-embed-core-8.5.34.jar
7fa35c0cf000-7fa35c0d1000 r--s 00001000 08:13 1839979                    /home/youyou/.m2/repository/com/fasterxml/jackson/module/jackson-module-parameter-names/2.9.6/jackson-module-parameter-names-2.9.6.jar
7fa35c0d1000-7fa35c0d4000 r--s 00016000 08:13 1709718                    /home/youyou/.m2/repository/com/fasterxml/jackson/datatype/jackson-datatype-jsr310/2.9.6/jackson-datatype-jsr310-2.9.6.jar
7fa35c0d4000-7fa35c0d6000 r--s 00007000 08:13 1709716                    /home/youyou/.m2/repository/com/fasterxml/jackson/datatype/jackson-datatype-jdk8/2.9.6/jackson-datatype-jdk8-2.9.6.jar
7fa35c0d6000-7fa35c0db000 r--s 0004b000 08:13 1709714                    /home/youyou/.m2/repository/com/fasterxml/jackson/core/jackson-core/2.9.6/jackson-core-2.9.6.jar
7fa35c0db000-7fa35c0de000 r--s 0000e000 08:13 1443871                    /home/youyou/.m2/repository/com/fasterxml/jackson/core/jackson-annotations/2.9.0/jackson-annotations-2.9.0.jar
7fa35c0de000-7fa360000000 rw-p 00000000 00:00 0 
7fa360000000-7fa360021000 rw-p 00000000 00:00 0 
7fa360021000-7fa364000000 ---p 00000000 00:00 0 
7fa364000000-7fa364021000 rw-p 00000000 00:00 0 
7fa364021000-7fa368000000 ---p 00000000 00:00 0 
7fa368000000-7fa368021000 rw-p 00000000 00:00 0 
7fa368021000-7fa36c000000 ---p 00000000 00:00 0 
7fa36c000000-7fa36c021000 rw-p 00000000 00:00 0 
7fa36c021000-7fa370000000 ---p 00000000 00:00 0 
7fa370000000-7fa370001000 r--s 00000000 08:13 1839981                    /home/youyou/.m2/repository/org/springframework/boot/spring-boot-starter-tomcat/2.0.5.RELEASE/spring-boot-starter-tomcat-2.0.5.RELEASE.jar
7fa370001000-7fa370014000 r--s 00137000 08:13 1443835                    /home/youyou/.m2/repository/com/fasterxml/jackson/core/jackson-databind/2.9.6/jackson-databind-2.9.6.jar
7fa370014000-7fa370015000 r--s 00000000 08:13 1443833                    /home/youyou/.m2/repository/org/springframework/boot/spring-boot-starter-json/2.0.5.RELEASE/spring-boot-starter-json-2.0.5.RELEASE.jar
7fa370015000-7fa37001c000 r--s 00042000 08:13 1443859                    /home/youyou/.m2/repository/org/yaml/snakeyaml/1.19/snakeyaml-1.19.jar
7fa37001c000-7fa37001e000 r--s 00004000 08:13 1443857                    /home/youyou/.m2/repository/org/springframework/spring-jcl/5.0.9.RELEASE/spring-jcl-5.0.9.RELEASE.jar
7fa37001e000-7fa370036000 r--s 00114000 08:13 1443839                    /home/youyou/.m2/repository/org/springframework/spring-core/5.0.9.RELEASE/spring-core-5.0.9.RELEASE.jar
7fa370036000-7fa370038000 r--s 00005000 08:13 1443867                    /home/youyou/.m2/repository/javax/annotation/javax.annotation-api/1.3.2/javax.annotation-api-1.3.2.jar
7fa370038000-7fa37003a000 r--s 00000000 08:13 26086867                   /home/youyou/.m2/repository/org/slf4j/jul-to-slf4j/1.7.25/jul-to-slf4j-1.7.25.jar
7fa37003a000-7fa370040000 r--s 00039000 08:13 1443851                    /home/youyou/.m2/repository/org/apache/logging/log4j/log4j-api/2.10.0/log4j-api-2.10.0.jar
7fa370040000-7fa370042000 r--s 00003000 08:13 24778675                   /home/youyou/.m2/repository/org/apache/logging/log4j/log4j-to-slf4j/2.10.0/log4j-to-slf4j-2.10.0.jar
7fa370042000-7fa37004d000 r--s 00069000 08:13 1443849                    /home/youyou/.m2/repository/ch/qos/logback/logback-core/1.2.3/logback-core-1.2.3.jar
7fa37004d000-7fa370053000 r--s 00041000 08:13 1443847                    /home/youyou/.m2/repository/ch/qos/logback/logback-classic/1.2.3/logback-classic-1.2.3.jar
7fa370053000-7fa370074000 r--s 000fe000 08:13 1443855                    /home/youyou/.m2/repository/org/springframework/boot/spring-boot-autoconfigure/2.0.5.RELEASE/spring-boot-autoconfigure-2.0.5.RELEASE.jar
7fa370074000-7fa37008e000 r--s 000f1000 08:13 1443832                    /home/youyou/.m2/repository/org/springframework/spring-context/5.0.9.RELEASE/spring-context-5.0.9.RELEASE.jar
7fa37008e000-7fa3700a3000 r--s 000d0000 08:13 1443841                    /home/youyou/.m2/repository/org/springframework/boot/spring-boot/2.0.5.RELEASE/spring-boot-2.0.5.RELEASE.jar
7fa3700a3000-7fa370db0000 rw-p 00000000 00:00 0 
7fa370db0000-7fa370f8a000 r--s 03d6b000 08:05 4592713                    /usr/lib/jvm/java-8-oracle/jre/lib/rt.jar
7fa370f8a000-7fa371000000 rw-p 00000000 00:00 0 
7fa371000000-7fa3712f0000 rwxp 00000000 00:00 0 
7fa3712f0000-7fa380000000 ---p 00000000 00:00 0 
7fa380000000-7fa38083a000 rw-p 00000000 00:00 0 
7fa38083a000-7fa384000000 ---p 00000000 00:00 0 
7fa384000000-7fa384001000 r--s 00000000 08:13 1443861                    /home/youyou/.m2/repository/org/springframework/boot/spring-boot-starter-web/2.0.3.RELEASE/spring-boot-starter-web-2.0.3.RELEASE.jar
7fa384001000-7fa384009000 r--s 00072000 08:13 24383262                   /home/youyou/.m2/repository/org/apache/commons/commons-lang3/3.7/commons-lang3-3.7.jar
7fa384009000-7fa38401c000 r--s 00345000 08:05 4592717                    /usr/lib/jvm/java-8-oracle/jre/lib/resources.jar
7fa38401c000-7fa38402f000 r--s 000d6000 08:05 4592697                    /usr/lib/jvm/java-8-oracle/jre/lib/plugin.jar
7fa38402f000-7fa38404b000 r--s 0020b000 08:05 4592673                    /usr/lib/jvm/java-8-oracle/jre/lib/deploy.jar
7fa38404b000-7fa384c1d000 rw-p 00000000 00:00 0 
7fa384c1d000-7fa384c1e000 ---p 00000000 00:00 0 
7fa384c1e000-7fa384d1e000 rw-p 00000000 00:00 0 
7fa384d1e000-7fa384d1f000 ---p 00000000 00:00 0 
7fa384d1f000-7fa384e1f000 rw-p 00000000 00:00 0 
7fa384e1f000-7fa384e20000 ---p 00000000 00:00 0 
7fa384e20000-7fa384f20000 rw-p 00000000 00:00 0 
7fa384f20000-7fa384f21000 ---p 00000000 00:00 0 
7fa384f21000-7fa385021000 rw-p 00000000 00:00 0 
7fa385021000-7fa385022000 ---p 00000000 00:00 0 
7fa385022000-7fa385122000 rw-p 00000000 00:00 0 
7fa385122000-7fa385123000 ---p 00000000 00:00 0 
7fa385123000-7fa385223000 rw-p 00000000 00:00 0 
7fa385223000-7fa385224000 ---p 00000000 00:00 0 
7fa385224000-7fa385324000 rw-p 00000000 00:00 0 
7fa385324000-7fa385325000 ---p 00000000 00:00 0 
7fa385325000-7fa385425000 rw-p 00000000 00:00 0 
7fa385425000-7fa385426000 ---p 00000000 00:00 0 
7fa385426000-7fa385526000 rw-p 00000000 00:00 0 
7fa385526000-7fa385527000 ---p 00000000 00:00 0 
7fa385527000-7fa385651000 rw-p 00000000 00:00 0 
7fa385651000-7fa3858b3000 ---p 00000000 00:00 0 
7fa3858b3000-7fa3858dd000 rw-p 00000000 00:00 0 
7fa3858dd000-7fa385b3f000 ---p 00000000 00:00 0 
7fa385b3f000-7fa385b54000 rw-p 00000000 00:00 0 
7fa385b54000-7fa385c85000 ---p 00000000 00:00 0 
7fa385c85000-7fa385c92000 rw-p 00000000 00:00 0 
7fa385c92000-7fa386046000 ---p 00000000 00:00 0 
7fa386046000-7fa386061000 r-xp 00000000 08:05 4592769                    /usr/lib/jvm/java-8-oracle/jre/lib/amd64/libzip.so
7fa386061000-7fa386261000 ---p 0001b000 08:05 4592769                    /usr/lib/jvm/java-8-oracle/jre/lib/amd64/libzip.so
7fa386261000-7fa386262000 rw-p 0001b000 08:05 4592769                    /usr/lib/jvm/java-8-oracle/jre/lib/amd64/libzip.so
7fa386262000-7fa38626d000 r-xp 00000000 08:05 2102049                    /lib/x86_64-linux-gnu/libnss_files-2.27.so
7fa38626d000-7fa38646c000 ---p 0000b000 08:05 2102049                    /lib/x86_64-linux-gnu/libnss_files-2.27.so
7fa38646c000-7fa38646d000 r--p 0000a000 08:05 2102049                    /lib/x86_64-linux-gnu/libnss_files-2.27.so
7fa38646d000-7fa38646e000 rw-p 0000b000 08:05 2102049                    /lib/x86_64-linux-gnu/libnss_files-2.27.so
7fa38646e000-7fa386474000 rw-p 00000000 00:00 0 
7fa386474000-7fa38648b000 r-xp 00000000 08:05 2102043                    /lib/x86_64-linux-gnu/libnsl-2.27.so
7fa38648b000-7fa38668a000 ---p 00017000 08:05 2102043                    /lib/x86_64-linux-gnu/libnsl-2.27.so
7fa38668a000-7fa38668b000 r--p 00016000 08:05 2102043                    /lib/x86_64-linux-gnu/libnsl-2.27.so
7fa38668b000-7fa38668c000 rw-p 00017000 08:05 2102043                    /lib/x86_64-linux-gnu/libnsl-2.27.so
7fa38668c000-7fa38668e000 rw-p 00000000 00:00 0 
7fa38668e000-7fa386699000 r-xp 00000000 08:05 2102060                    /lib/x86_64-linux-gnu/libnss_nis-2.27.so
7fa386699000-7fa386898000 ---p 0000b000 08:05 2102060                    /lib/x86_64-linux-gnu/libnss_nis-2.27.so
7fa386898000-7fa386899000 r--p 0000a000 08:05 2102060                    /lib/x86_64-linux-gnu/libnss_nis-2.27.so
7fa386899000-7fa38689a000 rw-p 0000b000 08:05 2102060                    /lib/x86_64-linux-gnu/libnss_nis-2.27.so
7fa38689a000-7fa3868a2000 r-xp 00000000 08:05 2102045                    /lib/x86_64-linux-gnu/libnss_compat-2.27.so
7fa3868a2000-7fa386aa2000 ---p 00008000 08:05 2102045                    /lib/x86_64-linux-gnu/libnss_compat-2.27.so
7fa386aa2000-7fa386aa3000 r--p 00008000 08:05 2102045                    /lib/x86_64-linux-gnu/libnss_compat-2.27.so
7fa386aa3000-7fa386aa4000 rw-p 00009000 08:05 2102045                    /lib/x86_64-linux-gnu/libnss_compat-2.27.so
7fa386aa4000-7fa386aae000 r-xp 00000000 08:05 4592778                    /usr/lib/jvm/java-8-oracle/jre/lib/amd64/libinstrument.so
7fa386aae000-7fa386cad000 ---p 0000a000 08:05 4592778                    /usr/lib/jvm/java-8-oracle/jre/lib/amd64/libinstrument.so
7fa386cad000-7fa386cae000 rw-p 00009000 08:05 4592778                    /usr/lib/jvm/java-8-oracle/jre/lib/amd64/libinstrument.so
7fa386cae000-7fa386cd9000 r-xp 00000000 08:05 4592763                    /usr/lib/jvm/java-8-oracle/jre/lib/amd64/libjava.so
7fa386cd9000-7fa386ed8000 ---p 0002b000 08:05 4592763                    /usr/lib/jvm/java-8-oracle/jre/lib/amd64/libjava.so
7fa386ed8000-7fa386eda000 rw-p 0002a000 08:05 4592763                    /usr/lib/jvm/java-8-oracle/jre/lib/amd64/libjava.so
7fa386eda000-7fa386ee7000 r-xp 00000000 08:05 4592768                    /usr/lib/jvm/java-8-oracle/jre/lib/amd64/libverify.so
7fa386ee7000-7fa3870e7000 ---p 0000d000 08:05 4592768                    /usr/lib/jvm/java-8-oracle/jre/lib/amd64/libverify.so
7fa3870e7000-7fa3870e9000 rw-p 0000d000 08:05 4592768                    /usr/lib/jvm/java-8-oracle/jre/lib/amd64/libverify.so
7fa3870e9000-7fa3870f0000 r-xp 00000000 08:05 2102100                    /lib/x86_64-linux-gnu/librt-2.27.so
7fa3870f0000-7fa3872ef000 ---p 00007000 08:05 2102100                    /lib/x86_64-linux-gnu/librt-2.27.so
7fa3872ef000-7fa3872f0000 r--p 00006000 08:05 2102100                    /lib/x86_64-linux-gnu/librt-2.27.so
7fa3872f0000-7fa3872f1000 rw-p 00007000 08:05 2102100                    /lib/x86_64-linux-gnu/librt-2.27.so
7fa3872f1000-7fa38748e000 r-xp 00000000 08:05 2102022                    /lib/x86_64-linux-gnu/libm-2.27.so
7fa38748e000-7fa38768d000 ---p 0019d000 08:05 2102022                    /lib/x86_64-linux-gnu/libm-2.27.so
7fa38768d000-7fa38768e000 r--p 0019c000 08:05 2102022                    /lib/x86_64-linux-gnu/libm-2.27.so
7fa38768e000-7fa38768f000 rw-p 0019d000 08:05 2102022                    /lib/x86_64-linux-gnu/libm-2.27.so
7fa38768f000-7fa38836b000 r-xp 00000000 08:05 4997606                    /usr/lib/jvm/java-8-oracle/jre/lib/amd64/server/libjvm.so
7fa38836b000-7fa38856b000 ---p 00cdc000 08:05 4997606                    /usr/lib/jvm/java-8-oracle/jre/lib/amd64/server/libjvm.so
7fa38856b000-7fa388645000 rw-p 00cdc000 08:05 4997606                    /usr/lib/jvm/java-8-oracle/jre/lib/amd64/server/libjvm.so
7fa388645000-7fa388690000 rw-p 00000000 00:00 0 
7fa388690000-7fa388877000 r-xp 00000000 08:05 2101959                    /lib/x86_64-linux-gnu/libc-2.27.so
7fa388877000-7fa388a77000 ---p 001e7000 08:05 2101959                    /lib/x86_64-linux-gnu/libc-2.27.so
7fa388a77000-7fa388a7b000 r--p 001e7000 08:05 2101959                    /lib/x86_64-linux-gnu/libc-2.27.so
7fa388a7b000-7fa388a7d000 rw-p 001eb000 08:05 2101959                    /lib/x86_64-linux-gnu/libc-2.27.so
7fa388a7d000-7fa388a81000 rw-p 00000000 00:00 0 
7fa388a81000-7fa388a84000 r-xp 00000000 08:05 2101982                    /lib/x86_64-linux-gnu/libdl-2.27.so
7fa388a84000-7fa388c83000 ---p 00003000 08:05 2101982                    /lib/x86_64-linux-gnu/libdl-2.27.so
7fa388c83000-7fa388c84000 r--p 00002000 08:05 2101982                    /lib/x86_64-linux-gnu/libdl-2.27.so
7fa388c84000-7fa388c85000 rw-p 00003000 08:05 2101982                    /lib/x86_64-linux-gnu/libdl-2.27.so
7fa388c85000-7fa388c9b000 r-xp 00000000 08:05 5117826                    /usr/lib/jvm/java-8-oracle/lib/amd64/jli/libjli.so
7fa388c9b000-7fa388e9a000 ---p 00016000 08:05 5117826                    /usr/lib/jvm/java-8-oracle/lib/amd64/jli/libjli.so
7fa388e9a000-7fa388e9b000 rw-p 00015000 08:05 5117826                    /usr/lib/jvm/java-8-oracle/lib/amd64/jli/libjli.so
7fa388e9b000-7fa388eb5000 r-xp 00000000 08:05 2102092                    /lib/x86_64-linux-gnu/libpthread-2.27.so
7fa388eb5000-7fa3890b4000 ---p 0001a000 08:05 2102092                    /lib/x86_64-linux-gnu/libpthread-2.27.so
7fa3890b4000-7fa3890b5000 r--p 00019000 08:05 2102092                    /lib/x86_64-linux-gnu/libpthread-2.27.so
7fa3890b5000-7fa3890b6000 rw-p 0001a000 08:05 2102092                    /lib/x86_64-linux-gnu/libpthread-2.27.so
7fa3890b6000-7fa3890ba000 rw-p 00000000 00:00 0 
7fa3890ba000-7fa3890e1000 r-xp 00000000 08:05 2101931                    /lib/x86_64-linux-gnu/ld-2.27.so
7fa3890e1000-7fa3890e2000 r--s 00000000 08:13 1443845                    /home/youyou/.m2/repository/org/springframework/boot/spring-boot-starter-logging/2.0.5.RELEASE/spring-boot-starter-logging-2.0.5.RELEASE.jar
7fa3890e2000-7fa3890e7000 r--s 0009d000 08:05 4592718                    /usr/lib/jvm/java-8-oracle/jre/lib/jsse.jar
7fa3890e7000-7fa3891b8000 rw-p 00000000 00:00 0 
7fa3891b8000-7fa3891b9000 ---p 00000000 00:00 0 
7fa3891b9000-7fa3891bc000 ---p 00000000 00:00 0 
7fa3891bc000-7fa3892bd000 rw-p 00000000 00:00 0 
7fa3892bd000-7fa3892be000 r--s 00000000 08:13 1443831                    /home/youyou/.m2/repository/org/springframework/boot/spring-boot-starter/2.0.3.RELEASE/spring-boot-starter-2.0.3.RELEASE.jar
7fa3892be000-7fa3892bf000 r--s 00000000 08:05 4592679                    /usr/lib/jvm/java-8-oracle/jre/lib/management-agent.jar
7fa3892bf000-7fa3892c1000 r--s 00007000 08:05 4592791                    /usr/lib/jvm/java-8-oracle/jre/lib/jfxswt.jar
7fa3892c1000-7fa3892c6000 r--s 00084000 08:05 4592672                    /usr/lib/jvm/java-8-oracle/jre/lib/jfr.jar
7fa3892c6000-7fa3892c9000 r--s 0001a000 08:05 4592789                    /usr/lib/jvm/java-8-oracle/jre/lib/jce.jar
7fa3892c9000-7fa3892d2000 r--s 0006d000 08:05 4592682                    /usr/lib/jvm/java-8-oracle/jre/lib/javaws.jar
7fa3892d2000-7fa3892d7000 r--s 002f9000 08:05 4592711                    /usr/lib/jvm/java-8-oracle/jre/lib/charsets.jar
7fa3892d7000-7fa3892df000 rw-s 00000000 08:05 1312684                    /tmp/hsperfdata_youyou/9543
7fa3892df000-7fa3892e0000 rw-p 00000000 00:00 0 
7fa3892e0000-7fa3892e1000 r--p 00000000 00:00 0 
7fa3892e1000-7fa3892e2000 r--p 00027000 08:05 2101931                    /lib/x86_64-linux-gnu/ld-2.27.so
7fa3892e2000-7fa3892e3000 rw-p 00028000 08:05 2101931                    /lib/x86_64-linux-gnu/ld-2.27.so
7fa3892e3000-7fa3892e4000 rw-p 00000000 00:00 0 
7fff1c439000-7fff1c45c000 rw-p 00000000 00:00 0                          [stack]
7fff1c4a4000-7fff1c4a7000 r--p 00000000 00:00 0                          [vvar]
7fff1c4a7000-7fff1c4a9000 r-xp 00000000 00:00 0                          [vdso]
ffffffffff600000-ffffffffff601000 r-xp 00000000 00:00 0                  [vsyscall]

VM Arguments:
jvm_args: -javaagent:/software/idea-IU-181.5281.24/lib/idea_rt.jar=36025:/software/idea-IU-181.5281.24/bin -Dfile.encoding=UTF-8 
java_command: GuiTest
java_class_path (initial): /usr/lib/jvm/java-8-oracle/jre/lib/charsets.jar:/usr/lib/jvm/java-8-oracle/jre/lib/deploy.jar:/usr/lib/jvm/java-8-oracle/jre/lib/ext/cldrdata.jar:/usr/lib/jvm/java-8-oracle/jre/lib/ext/dnsns.jar:/usr/lib/jvm/java-8-oracle/jre/lib/ext/jaccess.jar:/usr/lib/jvm/java-8-oracle/jre/lib/ext/jfxrt.jar:/usr/lib/jvm/java-8-oracle/jre/lib/ext/localedata.jar:/usr/lib/jvm/java-8-oracle/jre/lib/ext/nashorn.jar:/usr/lib/jvm/java-8-oracle/jre/lib/ext/sunec.jar:/usr/lib/jvm/java-8-oracle/jre/lib/ext/sunjce_provider.jar:/usr/lib/jvm/java-8-oracle/jre/lib/ext/sunpkcs11.jar:/usr/lib/jvm/java-8-oracle/jre/lib/ext/zipfs.jar:/usr/lib/jvm/java-8-oracle/jre/lib/javaws.jar:/usr/lib/jvm/java-8-oracle/jre/lib/jce.jar:/usr/lib/jvm/java-8-oracle/jre/lib/jfr.jar:/usr/lib/jvm/java-8-oracle/jre/lib/jfxswt.jar:/usr/lib/jvm/java-8-oracle/jre/lib/jsse.jar:/usr/lib/jvm/java-8-oracle/jre/lib/management-agent.jar:/usr/lib/jvm/java-8-oracle/jre/lib/plugin.jar:/usr/lib/jvm/java-8-oracle/jre/lib/resources.jar:/usr/lib/jvm/java-8-oracle/jre/lib/rt.jar:/home/youyou/javaprj/practice/base/target/test-classes:/home/youyou/javaprj/practice/base/target/classes:/home/youyou/.m2/repository/org/apache/commons/commons-lang3/3.7/commons-lang3-3.7.jar:/home/youyou/.m2/repository/org/springframework/boot/spring-boot-starter/2.0.3.RELEASE/spring-boot-starter-2.0.3.RELEASE.jar:/home/youyou/.m2/repository/org/springframework/boot/spring-boot/2.0.5.RELEASE/spring-boot-2.0.5.RELEASE.jar:/home/youyou/.m2/repository/org/springframework/spring-context/5.0.9.RELEASE/spring-context-5.0.9.RELEASE.jar:/home/youyou/.m2/repository/org/springframework/boot/spring-boot-autoconfigure/2.0.5.RELEASE/spring-boot-autoconfigure-2.0.5.RELEASE.jar:/home/youyou/.m2/repository/org/springframework/boot/spring-boot-starter-logging/2.0.5.RELEASE/spring-boot-starter-logging-2.0.5.RELEASE.jar:/home/youyou/.m2/repository/ch/qos/logback/logback-classic/1.2.3/logback-classic-1.2.3.jar:/home/youyou/.m2/repository/ch/qos/logbac
Launcher Type: SUN_STANDARD

Environment Variables:
JAVA_HOME=/usr/lib/jvm/java-8-oracle
PATH=/home/youyou/.local/bin:/usr/local/sbin:/usr/local/bin:/usr/sbin:/usr/bin:/sbin:/bin:/usr/games:/usr/local/games:/snap/bin:/usr/lib/jvm/java-8-oracle/bin:/usr/lib/jvm/java-8-oracle/db/bin:/usr/lib/jvm/java-8-oracle/jre/bin
USERNAME=youyou
SHELL=/bin/bash
DISPLAY=:0

Signal Handlers:
SIGSEGV: [libjvm.so+0xad2a40], sa_mask[0]=11111111011111111101111111111110, sa_flags=SA_RESTART|SA_SIGINFO
SIGBUS: [libjvm.so+0xad2a40], sa_mask[0]=11111111011111111101111111111110, sa_flags=SA_RESTART|SA_SIGINFO
SIGFPE: [libjvm.so+0x92a610], sa_mask[0]=11111111011111111101111111111110, sa_flags=SA_RESTART|SA_SIGINFO
SIGPIPE: [libjvm.so+0x92a610], sa_mask[0]=11111111011111111101111111111110, sa_flags=SA_RESTART|SA_SIGINFO
SIGXFSZ: [libjvm.so+0x92a610], sa_mask[0]=11111111011111111101111111111110, sa_flags=SA_RESTART|SA_SIGINFO
SIGILL: [libjvm.so+0x92a610], sa_mask[0]=11111111011111111101111111111110, sa_flags=SA_RESTART|SA_SIGINFO
SIGUSR1: SIG_DFL, sa_mask[0]=00000000000000000000000000000000, sa_flags=none
SIGUSR2: [libjvm.so+0x92be70], sa_mask[0]=00100000000000000000000000000000, sa_flags=SA_RESTART|SA_SIGINFO
SIGHUP: [libjvm.so+0x92d270], sa_mask[0]=11111111011111111101111111111110, sa_flags=SA_RESTART|SA_SIGINFO
SIGINT: [libjvm.so+0x92d270], sa_mask[0]=11111111011111111101111111111110, sa_flags=SA_RESTART|SA_SIGINFO
SIGTERM: [libjvm.so+0x92d270], sa_mask[0]=11111111011111111101111111111110, sa_flags=SA_RESTART|SA_SIGINFO
SIGQUIT: [libjvm.so+0x92d270], sa_mask[0]=11111111011111111101111111111110, sa_flags=SA_RESTART|SA_SIGINFO


---------------  S Y S T E M  ---------------

OS:DISTRIB_ID=Ubuntu
DISTRIB_RELEASE=18.04
DISTRIB_CODENAME=bionic
DISTRIB_DESCRIPTION="Ubuntu 18.04.1 LTS"

uname:Linux 4.15.0-36-generic #39-Ubuntu SMP Mon Sep 24 16:19:09 UTC 2018 x86_64
libc:glibc 2.27 NPTL 2.27 
rlimit: STACK 8192k, CORE 0k, NPROC 30858, NOFILE 1048576, AS infinity
load average:1.40 1.38 1.26

/proc/meminfo:
MemTotal:        8010112 kB
MemFree:         1370560 kB
MemAvailable:    4013860 kB
Buffers:          456452 kB
Cached:          2219224 kB
SwapCached:            0 kB
Active:          4545144 kB
Inactive:        1348696 kB
Active(anon):    3220180 kB
Inactive(anon):    81908 kB
Active(file):    1324964 kB
Inactive(file):  1266788 kB
Unevictable:          36 kB
Mlocked:             180 kB
SwapTotal:       2097148 kB
SwapFree:        2097148 kB
Dirty:               936 kB
Writeback:             0 kB
AnonPages:       3116148 kB
Mapped:           601432 kB
Shmem:             83920 kB
Slab:             509072 kB
SReclaimable:     361228 kB
SUnreclaim:       147844 kB
KernelStack:       11548 kB
PageTables:        54780 kB
NFS_Unstable:          0 kB
Bounce:                0 kB
WritebackTmp:          0 kB
CommitLimit:     6102204 kB
Committed_AS:    9737564 kB
VmallocTotal:   34359738367 kB
VmallocUsed:           0 kB
VmallocChunk:          0 kB
HardwareCorrupted:     0 kB
AnonHugePages:         0 kB
ShmemHugePages:        0 kB
ShmemPmdMapped:        0 kB
CmaTotal:              0 kB
CmaFree:               0 kB
HugePages_Total:       0
HugePages_Free:        0
HugePages_Rsvd:        0
HugePages_Surp:        0
Hugepagesize:       2048 kB
DirectMap4k:      417008 kB
DirectMap2M:     7815168 kB
DirectMap1G:           0 kB


CPU:total 12 (initial active 12) (6 cores per cpu, 2 threads per core) family 6 model 158 stepping 10, cmov, cx8, fxsr, mmx, sse, sse2, sse3, ssse3, sse4.1, sse4.2, popcnt, avx, avx2, aes, clmul, erms, 3dnowpref, lzcnt, ht, tsc, tscinvbit, bmi1, bmi2, adx

/proc/cpuinfo:
processor	: 0
vendor_id	: GenuineIntel
cpu family	: 6
model		: 158
model name	: Intel(R) Core(TM) i7-8750H CPU @ 2.20GHz
stepping	: 10
microcode	: 0x96
cpu MHz		: 3900.000
cache size	: 9216 KB
physical id	: 0
siblings	: 12
core id		: 0
cpu cores	: 6
apicid		: 0
initial apicid	: 0
fpu		: yes
fpu_exception	: yes
cpuid level	: 22
wp		: yes
flags		: fpu vme de pse tsc msr pae mce cx8 apic sep mtrr pge mca cmov pat pse36 clflush dts acpi mmx fxsr sse sse2 ss ht tm pbe syscall nx pdpe1gb rdtscp lm constant_tsc art arch_perfmon pebs bts rep_good nopl xtopology nonstop_tsc cpuid aperfmperf tsc_known_freq pni pclmulqdq dtes64 monitor ds_cpl vmx est tm2 ssse3 sdbg fma cx16 xtpr pdcm pcid sse4_1 sse4_2 x2apic movbe popcnt tsc_deadline_timer aes xsave avx f16c rdrand lahf_lm abm 3dnowprefetch cpuid_fault epb invpcid_single pti ssbd ibrs ibpb stibp tpr_shadow vnmi flexpriority ept vpid fsgsbase tsc_adjust bmi1 avx2 smep bmi2 erms invpcid mpx rdseed adx smap clflushopt intel_pt xsaveopt xsavec xgetbv1 xsaves dtherm ida arat pln pts hwp hwp_notify hwp_act_window hwp_epp flush_l1d
bugs		: cpu_meltdown spectre_v1 spectre_v2 spec_store_bypass l1tf
bogomips	: 4416.00
clflush size	: 64
cache_alignment	: 64
address sizes	: 39 bits physical, 48 bits virtual
power management:

processor	: 1
vendor_id	: GenuineIntel
cpu family	: 6
model		: 158
model name	: Intel(R) Core(TM) i7-8750H CPU @ 2.20GHz
stepping	: 10
microcode	: 0x96
cpu MHz		: 3900.000
cache size	: 9216 KB
physical id	: 0
siblings	: 12
core id		: 1
cpu cores	: 6
apicid		: 2
initial apicid	: 2
fpu		: yes
fpu_exception	: yes
cpuid level	: 22
wp		: yes
flags		: fpu vme de pse tsc msr pae mce cx8 apic sep mtrr pge mca cmov pat pse36 clflush dts acpi mmx fxsr sse sse2 ss ht tm pbe syscall nx pdpe1gb rdtscp lm constant_tsc art arch_perfmon pebs bts rep_good nopl xtopology nonstop_tsc cpuid aperfmperf tsc_known_freq pni pclmulqdq dtes64 monitor ds_cpl vmx est tm2 ssse3 sdbg fma cx16 xtpr pdcm pcid sse4_1 sse4_2 x2apic movbe popcnt tsc_deadline_timer aes xsave avx f16c rdrand lahf_lm abm 3dnowprefetch cpuid_fault epb invpcid_single pti ssbd ibrs ibpb stibp tpr_shadow vnmi flexpriority ept vpid fsgsbase tsc_adjust bmi1 avx2 smep bmi2 erms invpcid mpx rdseed adx smap clflushopt intel_pt xsaveopt xsavec xgetbv1 xsaves dtherm ida arat pln pts hwp hwp_notify hwp_act_window hwp_epp flush_l1d
bugs		: cpu_meltdown spectre_v1 spectre_v2 spec_store_bypass l1tf
bogomips	: 4416.00
clflush size	: 64
cache_alignment	: 64
address sizes	: 39 bits physical, 48 bits virtual
power management:

processor	: 2
vendor_id	: GenuineIntel
cpu family	: 6
model		: 158
model name	: Intel(R) Core(TM) i7-8750H CPU @ 2.20GHz
stepping	: 10
microcode	: 0x96
cpu MHz		: 3899.999
cache size	: 9216 KB
physical id	: 0
siblings	: 12
core id		: 2
cpu cores	: 6
apicid		: 4
initial apicid	: 4
fpu		: yes
fpu_exception	: yes
cpuid level	: 22
wp		: yes
flags		: fpu vme de pse tsc msr pae mce cx8 apic sep mtrr pge mca cmov pat pse36 clflush dts acpi mmx fxsr sse sse2 ss ht tm pbe syscall nx pdpe1gb rdtscp lm constant_tsc art arch_perfmon pebs bts rep_good nopl xtopology nonstop_tsc cpuid aperfmperf tsc_known_freq pni pclmulqdq dtes64 monitor ds_cpl vmx est tm2 ssse3 sdbg fma cx16 xtpr pdcm pcid sse4_1 sse4_2 x2apic movbe popcnt tsc_deadline_timer aes xsave avx f16c rdrand lahf_lm abm 3dnowprefetch cpuid_fault epb invpcid_single pti ssbd ibrs ibpb stibp tpr_shadow vnmi flexpriority ept vpid fsgsbase tsc_adjust bmi1 avx2 smep bmi2 erms invpcid mpx rdseed adx smap clflushopt intel_pt xsaveopt xsavec xgetbv1 xsaves dtherm ida arat pln pts hwp hwp_notify hwp_act_window hwp_epp flush_l1d
bugs		: cpu_meltdown spectre_v1 spectre_v2 spec_store_bypass l1tf
bogomips	: 4416.00
clflush size	: 64
cache_alignment	: 64
address sizes	: 39 bits physical, 48 bits virtual
power management:

processor	: 3
vendor_id	: GenuineIntel
cpu family	: 6
model		: 158
model name	: Intel(R) Core(TM) i7-8750H CPU @ 2.20GHz
stepping	: 10
microcode	: 0x96
cpu MHz		: 3900.001
cache size	: 9216 KB
physical id	: 0
siblings	: 12
core id		: 3
cpu cores	: 6
apicid		: 6
initial apicid	: 6
fpu		: yes
fpu_exception	: yes
cpuid level	: 22
wp		: yes
flags		: fpu vme de pse tsc msr pae mce cx8 apic sep mtrr pge mca cmov pat pse36 clflush dts acpi mmx fxsr sse sse2 ss ht tm pbe syscall nx pdpe1gb rdtscp lm constant_tsc art arch_perfmon pebs bts rep_good nopl xtopology nonstop_tsc cpuid aperfmperf tsc_known_freq pni pclmulqdq dtes64 monitor ds_cpl vmx est tm2 ssse3 sdbg fma cx16 xtpr pdcm pcid sse4_1 sse4_2 x2apic movbe popcnt tsc_deadline_timer aes xsave avx f16c rdrand lahf_lm abm 3dnowprefetch cpuid_fault epb invpcid_single pti ssbd ibrs ibpb stibp tpr_shadow vnmi flexpriority ept vpid fsgsbase tsc_adjust bmi1 avx2 smep bmi2 erms invpcid mpx rdseed adx smap clflushopt intel_pt xsaveopt xsavec xgetbv1 xsaves dtherm ida arat pln pts hwp hwp_notify hwp_act_window hwp_epp flush_l1d
bugs		: cpu_meltdown spectre_v1 spectre_v2 spec_store_bypass l1tf
bogomips	: 4416.00
clflush size	: 64
cache_alignment	: 64
address sizes	: 39 bits physical, 48 bits virtual
power management:

processor	: 4
vendor_id	: GenuineIntel
cpu family	: 6
model		: 158
model name	: Intel(R) Core(TM) i7-8750H CPU @ 2.20GHz
stepping	: 10
microcode	: 0x96
cpu MHz		: 3899.999
cache size	: 9216 KB
physical id	: 0
siblings	: 12
core id		: 4
cpu cores	: 6
apicid		: 8
initial apicid	: 8
fpu		: yes
fpu_exception	: yes
cpuid level	: 22
wp		: yes
flags		: fpu vme de pse tsc msr pae mce cx8 apic sep mtrr pge mca cmov pat pse36 clflush dts acpi mmx fxsr sse sse2 ss ht tm pbe syscall nx pdpe1gb rdtscp lm constant_tsc art arch_perfmon pebs bts rep_good nopl xtopology nonstop_tsc cpuid aperfmperf tsc_known_freq pni pclmulqdq dtes64 monitor ds_cpl vmx est tm2 ssse3 sdbg fma cx16 xtpr pdcm pcid sse4_1 sse4_2 x2apic movbe popcnt tsc_deadline_timer aes xsave avx f16c rdrand lahf_lm abm 3dnowprefetch cpuid_fault epb invpcid_single pti ssbd ibrs ibpb stibp tpr_shadow vnmi flexpriority ept vpid fsgsbase tsc_adjust bmi1 avx2 smep bmi2 erms invpcid mpx rdseed adx smap clflushopt intel_pt xsaveopt xsavec xgetbv1 xsaves dtherm ida arat pln pts hwp hwp_notify hwp_act_window hwp_epp flush_l1d
bugs		: cpu_meltdown spectre_v1 spectre_v2 spec_store_bypass l1tf
bogomips	: 4416.00
clflush size	: 64
cache_alignment	: 64
address sizes	: 39 bits physical, 48 bits virtual
power management:

processor	: 5
vendor_id	: GenuineIntel
cpu family	: 6
model		: 158
model name	: Intel(R) Core(TM) i7-8750H CPU @ 2.20GHz
stepping	: 10
microcode	: 0x96
cpu MHz		: 3899.998
cache size	: 9216 KB
physical id	: 0
siblings	: 12
core id		: 5
cpu cores	: 6
apicid		: 10
initial apicid	: 10
fpu		: yes
fpu_exception	: yes
cpuid level	: 22
wp		: yes
flags		: fpu vme de pse tsc msr pae mce cx8 apic sep mtrr pge mca cmov pat pse36 clflush dts acpi mmx fxsr sse sse2 ss ht tm pbe syscall nx pdpe1gb rdtscp lm constant_tsc art arch_perfmon pebs bts rep_good nopl xtopology nonstop_tsc cpuid aperfmperf tsc_known_freq pni pclmulqdq dtes64 monitor ds_cpl vmx est tm2 ssse3 sdbg fma cx16 xtpr pdcm pcid sse4_1 sse4_2 x2apic movbe popcnt tsc_deadline_timer aes xsave avx f16c rdrand lahf_lm abm 3dnowprefetch cpuid_fault epb invpcid_single pti ssbd ibrs ibpb stibp tpr_shadow vnmi flexpriority ept vpid fsgsbase tsc_adjust bmi1 avx2 smep bmi2 erms invpcid mpx rdseed adx smap clflushopt intel_pt xsaveopt xsavec xgetbv1 xsaves dtherm ida arat pln pts hwp hwp_notify hwp_act_window hwp_epp flush_l1d
bugs		: cpu_meltdown spectre_v1 spectre_v2 spec_store_bypass l1tf
bogomips	: 4416.00
clflush size	: 64
cache_alignment	: 64
address sizes	: 39 bits physical, 48 bits virtual
power management:

processor	: 6
vendor_id	: GenuineIntel
cpu family	: 6
model		: 158
model name	: Intel(R) Core(TM) i7-8750H CPU @ 2.20GHz
stepping	: 10
microcode	: 0x96
cpu MHz		: 3900.000
cache size	: 9216 KB
physical id	: 0
siblings	: 12
core id		: 0
cpu cores	: 6
apicid		: 1
initial apicid	: 1
fpu		: yes
fpu_exception	: yes
cpuid level	: 22
wp		: yes
flags		: fpu vme de pse tsc msr pae mce cx8 apic sep mtrr pge mca cmov pat pse36 clflush dts acpi mmx fxsr sse sse2 ss ht tm pbe syscall nx pdpe1gb rdtscp lm constant_tsc art arch_perfmon pebs bts rep_good nopl xtopology nonstop_tsc cpuid aperfmperf tsc_known_freq pni pclmulqdq dtes64 monitor ds_cpl vmx est tm2 ssse3 sdbg fma cx16 xtpr pdcm pcid sse4_1 sse4_2 x2apic movbe popcnt tsc_deadline_timer aes xsave avx f16c rdrand lahf_lm abm 3dnowprefetch cpuid_fault epb invpcid_single pti ssbd ibrs ibpb stibp tpr_shadow vnmi flexpriority ept vpid fsgsbase tsc_adjust bmi1 avx2 smep bmi2 erms invpcid mpx rdseed adx smap clflushopt intel_pt xsaveopt xsavec xgetbv1 xsaves dtherm ida arat pln pts hwp hwp_notify hwp_act_window hwp_epp flush_l1d
bugs		: cpu_meltdown spectre_v1 spectre_v2 spec_store_bypass l1tf
bogomips	: 4416.00
clflush size	: 64
cache_alignment	: 64
address sizes	: 39 bits physical, 48 bits virtual
power management:

processor	: 7
vendor_id	: GenuineIntel
cpu family	: 6
model		: 158
model name	: Intel(R) Core(TM) i7-8750H CPU @ 2.20GHz
stepping	: 10
microcode	: 0x96
cpu MHz		: 3900.004
cache size	: 9216 KB
physical id	: 0
siblings	: 12
core id		: 1
cpu cores	: 6
apicid		: 3
initial apicid	: 3
fpu		: yes
fpu_exception	: yes
cpuid level	: 22
wp		: yes
flags		: fpu vme de pse tsc msr pae mce cx8 apic sep mtrr pge mca cmov pat pse36 clflush dts acpi mmx fxsr sse sse2 ss ht tm pbe syscall nx pdpe1gb rdtscp lm constant_tsc art arch_perfmon pebs bts rep_good nopl xtopology nonstop_tsc cpuid aperfmperf tsc_known_freq pni pclmulqdq dtes64 monitor ds_cpl vmx est tm2 ssse3 sdbg fma cx16 xtpr pdcm pcid sse4_1 sse4_2 x2apic movbe popcnt tsc_deadline_timer aes xsave avx f16c rdrand lahf_lm abm 3dnowprefetch cpuid_fault epb invpcid_single pti ssbd ibrs ibpb stibp tpr_shadow vnmi flexpriority ept vpid fsgsbase tsc_adjust bmi1 avx2 smep bmi2 erms invpcid mpx rdseed adx smap clflushopt intel_pt xsaveopt xsavec xgetbv1 xsaves dtherm ida arat pln pts hwp hwp_notify hwp_act_window hwp_epp flush_l1d
bugs		: cpu_meltdown spectre_v1 spectre_v2 spec_store_bypass l1tf
bogomips	: 4416.00
clflush size	: 64
cache_alignment	: 64
address sizes	: 39 bits physical, 48 bits virtual
power management:

processor	: 8
vendor_id	: GenuineIntel
cpu family	: 6
model		: 158
model name	: Intel(R) Core(TM) i7-8750H CPU @ 2.20GHz
stepping	: 10
microcode	: 0x96
cpu MHz		: 3899.999
cache size	: 9216 KB
physical id	: 0
siblings	: 12
core id		: 2
cpu cores	: 6
apicid		: 5
initial apicid	: 5
fpu		: yes
fpu_exception	: yes
cpuid level	: 22
wp		: yes
flags		: fpu vme de pse tsc msr pae mce cx8 apic sep mtrr pge mca cmov pat pse36 clflush dts acpi mmx fxsr sse sse2 ss ht tm pbe syscall nx pdpe1gb rdtscp lm constant_tsc art arch_perfmon pebs bts rep_good nopl xtopology nonstop_tsc cpuid aperfmperf tsc_known_freq pni pclmulqdq dtes64 monitor ds_cpl vmx est tm2 ssse3 sdbg fma cx16 xtpr pdcm pcid sse4_1 sse4_2 x2apic movbe popcnt tsc_deadline_timer aes xsave avx f16c rdrand lahf_lm abm 3dnowprefetch cpuid_fault epb invpcid_single pti ssbd ibrs ibpb stibp tpr_shadow vnmi flexpriority ept vpid fsgsbase tsc_adjust bmi1 avx2 smep bmi2 erms invpcid mpx rdseed adx smap clflushopt intel_pt xsaveopt xsavec xgetbv1 xsaves dtherm ida arat pln pts hwp hwp_notify hwp_act_window hwp_epp flush_l1d
bugs		: cpu_meltdown spectre_v1 spectre_v2 spec_store_bypass l1tf
bogomips	: 4416.00
clflush size	: 64
cache_alignment	: 64
address sizes	: 39 bits physical, 48 bits virtual
power management:

processor	: 9
vendor_id	: GenuineIntel
cpu family	: 6
model		: 158
model name	: Intel(R) Core(TM) i7-8750H CPU @ 2.20GHz
stepping	: 10
microcode	: 0x96
cpu MHz		: 3899.999
cache size	: 9216 KB
physical id	: 0
siblings	: 12
core id		: 3
cpu cores	: 6
apicid		: 7
initial apicid	: 7
fpu		: yes
fpu_exception	: yes
cpuid level	: 22
wp		: yes
flags		: fpu vme de pse tsc msr pae mce cx8 apic sep mtrr pge mca cmov pat pse36 clflush dts acpi mmx fxsr sse sse2 ss ht tm pbe syscall nx pdpe1gb rdtscp lm constant_tsc art arch_perfmon pebs bts rep_good nopl xtopology nonstop_tsc cpuid aperfmperf tsc_known_freq pni pclmulqdq dtes64 monitor ds_cpl vmx est tm2 ssse3 sdbg fma cx16 xtpr pdcm pcid sse4_1 sse4_2 x2apic movbe popcnt tsc_deadline_timer aes xsave avx f16c rdrand lahf_lm abm 3dnowprefetch cpuid_fault epb invpcid_single pti ssbd ibrs ibpb stibp tpr_shadow vnmi flexpriority ept vpid fsgsbase tsc_adjust bmi1 avx2 smep bmi2 erms invpcid mpx rdseed adx smap clflushopt intel_pt xsaveopt xsavec xgetbv1 xsaves dtherm ida arat pln pts hwp hwp_notify hwp_act_window hwp_epp flush_l1d
bugs		: cpu_meltdown spectre_v1 spectre_v2 spec_store_bypass l1tf
bogomips	: 4416.00
clflush size	: 64
cache_alignment	: 64
address sizes	: 39 bits physical, 48 bits virtual
power management:

processor	: 10
vendor_id	: GenuineIntel
cpu family	: 6
model		: 158
model name	: Intel(R) Core(TM) i7-8750H CPU @ 2.20GHz
stepping	: 10
microcode	: 0x96
cpu MHz		: 3899.999
cache size	: 9216 KB
physical id	: 0
siblings	: 12
core id		: 4
cpu cores	: 6
apicid		: 9
initial apicid	: 9
fpu		: yes
fpu_exception	: yes
cpuid level	: 22
wp		: yes
flags		: fpu vme de pse tsc msr pae mce cx8 apic sep mtrr pge mca cmov pat pse36 clflush dts acpi mmx fxsr sse sse2 ss ht tm pbe syscall nx pdpe1gb rdtscp lm constant_tsc art arch_perfmon pebs bts rep_good nopl xtopology nonstop_tsc cpuid aperfmperf tsc_known_freq pni pclmulqdq dtes64 monitor ds_cpl vmx est tm2 ssse3 sdbg fma cx16 xtpr pdcm pcid sse4_1 sse4_2 x2apic movbe popcnt tsc_deadline_timer aes xsave avx f16c rdrand lahf_lm abm 3dnowprefetch cpuid_fault epb invpcid_single pti ssbd ibrs ibpb stibp tpr_shadow vnmi flexpriority ept vpid fsgsbase tsc_adjust bmi1 avx2 smep bmi2 erms invpcid mpx rdseed adx smap clflushopt intel_pt xsaveopt xsavec xgetbv1 xsaves dtherm ida arat pln pts hwp hwp_notify hwp_act_window hwp_epp flush_l1d
bugs		: cpu_meltdown spectre_v1 spectre_v2 spec_store_bypass l1tf
bogomips	: 4416.00
clflush size	: 64
cache_alignment	: 64
address sizes	: 39 bits physical, 48 bits virtual
power management:

processor	: 11
vendor_id	: GenuineIntel
cpu family	: 6
model		: 158
model name	: Intel(R) Core(TM) i7-8750H CPU @ 2.20GHz
stepping	: 10
microcode	: 0x96
cpu MHz		: 3900.001
cache size	: 9216 KB
physical id	: 0
siblings	: 12
core id		: 5
cpu cores	: 6
apicid		: 11
initial apicid	: 11
fpu		: yes
fpu_exception	: yes
cpuid level	: 22
wp		: yes
flags		: fpu vme de pse tsc msr pae mce cx8 apic sep mtrr pge mca cmov pat pse36 clflush dts acpi mmx fxsr sse sse2 ss ht tm pbe syscall nx pdpe1gb rdtscp lm constant_tsc art arch_perfmon pebs bts rep_good nopl xtopology nonstop_tsc cpuid aperfmperf tsc_known_freq pni pclmulqdq dtes64 monitor ds_cpl vmx est tm2 ssse3 sdbg fma cx16 xtpr pdcm pcid sse4_1 sse4_2 x2apic movbe popcnt tsc_deadline_timer aes xsave avx f16c rdrand lahf_lm abm 3dnowprefetch cpuid_fault epb invpcid_single pti ssbd ibrs ibpb stibp tpr_shadow vnmi flexpriority ept vpid fsgsbase tsc_adjust bmi1 avx2 smep bmi2 erms invpcid mpx rdseed adx smap clflushopt intel_pt xsaveopt xsavec xgetbv1 xsaves dtherm ida arat pln pts hwp hwp_notify hwp_act_window hwp_epp flush_l1d
bugs		: cpu_meltdown spectre_v1 spectre_v2 spec_store_bypass l1tf
bogomips	: 4416.00
clflush size	: 64
cache_alignment	: 64
address sizes	: 39 bits physical, 48 bits virtual
power management:



Memory: 4k page, physical 8010112k(1615856k free), swap 2097148k(2097148k free)

vm_info: Java HotSpot(TM) 64-Bit Server VM (25.181-b13) for linux-amd64 JRE (1.8.0_181-b13), built on Jul  7 2018 00:56:38 by "java_re" with gcc 4.3.0 20080428 (Red Hat 4.3.0-8)

time: Tue Oct 16 09:47:18 2018
elapsed time: 52 seconds (0d 0h 0m 52s)

